<?xml version="1.0" encoding="UTF-8"?>
<!-- Generated by org.testng.reporters.JUnitReportReporter -->
<testsuite hostname="Surajs-MBP" failures="0" tests="1" name="databasepracticesession.ReadDataFromCmdPromptTest" time="2.745" errors="0" timestamp="2024-03-28T16:30:45 IST" skipped="0">
  <testcase classname="databasepracticesession.ReadDataFromCmdPromptTest" name="readDataFromCmdLine" time="2.745"/>
  <system-out/>
</testsuite> <!-- databasepracticesession.ReadDataFromCmdPromptTest -->
